{"logTime": "1201/095500", "correlationVector":"ubCJAWcDkOKyDc8lTL/aAp.0","action":"FeedSettingFetch_homeCloud", "result":"0", "context":{}}
{"logTime": "1201/095500", "correlationVector":"AKZMEgua6TVNuffCaifddv.1","action":"SyncServerConnectionManagerRequest", "result":"SYNC_SERVER_OK", "context":{"environment":"Prod_SoutheastAsia_000j", "migrationStage":"NotStarted", "server":"GENERAL01000001"}}
{"logTime": "1201/095500", "correlationVector":"AKZMEgua6TVNuffCaifddv","action":"Initial GetUpdates", "result":"", "context":Reason: NEW_CLIENT. cV=AKZMEgua6TVNuffCaifddv}
{"logTime": "1201/095500", "correlationVector":"AKZMEgua6TVNuffCaifddv.2","action":"GetUpdates Response", "result":"SYNCER_OK", "context":Received 1 update(s). cV=AKZMEgua6TVNuffCaifddv.0;server=GENERAL01000001;cloudType=Consumer;environment=Prod_SoutheastAsia_000j;migrationStage=NotStarted}
{"logTime": "1201/095501", "correlationVector":"N+N4sO656jr8J9OHfEkCrD","action":"Initial GetUpdates", "result":"", "context":Reason: NEW_CLIENT. cV=N+N4sO656jr8J9OHfEkCrD}
{"logTime": "1201/095502", "correlationVector":"N+N4sO656jr8J9OHfEkCrD.1","action":"SyncServerConnectionManagerRequest", "result":"SYNC_SERVER_OK", "context":{"environment":"Prod_SoutheastAsia_000j", "migrationStage":"NotStarted", "server":"GENERAL0100000W"}}
{"logTime": "1201/095502", "correlationVector":"N+N4sO656jr8J9OHfEkCrD.2","action":"GetUpdates Response", "result":"SYNCER_OK", "context":Received 2 update(s). cV=N+N4sO656jr8J9OHfEkCrD.0;server=GENERAL0100000W;cloudType=Consumer;environment=Prod_SoutheastAsia_000j;migrationStage=NotStarted}
{"logTime": "1201/095502", "correlationVector":"msyDPKyRkxByRiXwf9SaYz","action":"Normal GetUpdate request", "result":"", "context":cV=msyDPKyRkxByRiXwf9SaYz
Nudged types: Device Info, User Consents
Refresh requested types: Device Info, User Consents, Send Tab To Self, Encryption Keys}
{"logTime": "1201/095503", "correlationVector":"msyDPKyRkxByRiXwf9SaYz.1","action":"SyncServerConnectionManagerRequest", "result":"SYNC_SERVER_OK", "context":{"environment":"Prod_SoutheastAsia_000j", "migrationStage":"NotStarted", "server":"GENERAL01000018"}}
{"logTime": "1201/095503", "correlationVector":"msyDPKyRkxByRiXwf9SaYz.2","action":"GetUpdates Response", "result":"SYNCER_OK", "context":Received 0 update(s). cV=msyDPKyRkxByRiXwf9SaYz.0;server=GENERAL01000018;cloudType=Consumer;environment=Prod_SoutheastAsia_000j;migrationStage=NotStarted}
{"logTime": "1201/095503", "correlationVector":"P8x5+Du26lnJNxfKLmENxX","action":"Commit Request", "result":"", "context":Item count: 1
Contributing types: Device Info}
{"logTime": "1201/095503", "correlationVector":"P8x5+Du26lnJNxfKLmENxX.1","action":"SyncServerConnectionManagerRequest", "result":"SYNC_SERVER_OK", "context":{"environment":"Prod_SoutheastAsia_000j", "migrationStage":"NotStarted", "server":"GENERAL01000001"}}
{"logTime": "1201/095503", "correlationVector":"P8x5+Du26lnJNxfKLmENxX.2","action":"Commit Response", "result":"SYNCER_OK", "context":Result: SYNCER_OK. cV=P8x5+Du26lnJNxfKLmENxX.0;server=GENERAL01000001;cloudType=Consumer;environment=Prod_SoutheastAsia_000j;migrationStage=NotStarted}
{"logTime": "1201/095503", "correlationVector":"yhW8bASd/e3Hp4NCuHITVG","action":"Commit Request", "result":"", "context":Item count: 2
Contributing types: User Consents}
{"logTime": "1201/095505", "correlationVector":"yhW8bASd/e3Hp4NCuHITVG.1","action":"SyncServerConnectionManagerRequest", "result":"SYNC_SERVER_OK", "context":{"environment":"Prod_SoutheastAsia_000j", "migrationStage":"NotStarted", "server":"GENERAL0100000R"}}
{"logTime": "1201/095505", "correlationVector":"yhW8bASd/e3Hp4NCuHITVG.2","action":"Commit Response", "result":"SYNCER_OK", "context":Result: SYNCER_OK. cV=yhW8bASd/e3Hp4NCuHITVG.0;server=GENERAL0100000R;cloudType=Consumer;environment=Prod_SoutheastAsia_000j;migrationStage=NotStarted}
{"logTime": "1201/095507", "correlationVector":"At4ozgopH7CUC/yg/hmW2M","action":"SyncServerConnectionManagerRequest", "result":"SYNC_SERVER_OK", "context":{"environment":"", "migrationStage":"", "server":""}}
{"logTime": "1201/095507", "correlationVector":"pvrEqPzMovXJhLEOGtNra+","action":"Normal GetUpdate request", "result":"", "context":cV=pvrEqPzMovXJhLEOGtNra+
Nudged types: Device Info}
{"logTime": "1201/095509", "correlationVector":"pvrEqPzMovXJhLEOGtNra+.1","action":"SyncServerConnectionManagerRequest", "result":"SYNC_SERVER_OK", "context":{"environment":"Prod_SoutheastAsia_000j", "migrationStage":"NotStarted", "server":"GENERAL0100001C"}}
{"logTime": "1201/095509", "correlationVector":"pvrEqPzMovXJhLEOGtNra+.2","action":"GetUpdates Response", "result":"SYNCER_OK", "context":Received 1 update(s). cV=pvrEqPzMovXJhLEOGtNra+.0;server=GENERAL0100001C;cloudType=Consumer;environment=Prod_SoutheastAsia_000j;migrationStage=NotStarted}
{"logTime": "1201/095509", "correlationVector":"FmTPky9P4Vdk5BM38wjeft","action":"Normal GetUpdate request", "result":"", "context":cV=FmTPky9P4Vdk5BM38wjeft
Refresh requested types: Device Info, User Consents, Send Tab To Self, Encryption Keys}
{"logTime": "1201/095509", "correlationVector":"FmTPky9P4Vdk5BM38wjeft.1","action":"SyncServerConnectionManagerRequest", "result":"SYNC_SERVER_OK", "context":{"environment":"Prod_SoutheastAsia_000j", "migrationStage":"NotStarted", "server":"GENERAL01000019"}}
{"logTime": "1201/095509", "correlationVector":"FmTPky9P4Vdk5BM38wjeft.2","action":"GetUpdates Response", "result":"SYNCER_OK", "context":Received 0 update(s). cV=FmTPky9P4Vdk5BM38wjeft.0;server=GENERAL01000019;cloudType=Consumer;environment=Prod_SoutheastAsia_000j;migrationStage=NotStarted}
